This is pdfTeX, Version 3.141592653-2.6-1.40.24 (MiKTeX 21.12) (preloaded format=pdflatex 2022.3.6)  15 JUN 2022 00:22
entering extended mode
 restricted \write18 enabled.
 file:line:error style messages enabled.
 %&-line parsing enabled.
**d:/Studia/sem6/mssql/store/spraw/Sprawozdanie.tex
(d:/Studia/sem6/mssql/store/spraw/Sprawozdanie.tex
LaTeX2e <2021-11-15> patch level 1
L3 programming layer <2021-11-22> (C:\Users\Smolams\AppData\Local\Programs\MiKTeX\tex/latex/base\article.cls
Document Class: article 2021/10/04 v1.4n Standard LaTeX document class
(C:\Users\Smolams\AppData\Local\Programs\MiKTeX\tex/latex/base\size11.clo
File: size11.clo 2021/10/04 v1.4n Standard LaTeX file (size option)
)
\c@part=\count183
\c@section=\count184
\c@subsection=\count185
\c@subsubsection=\count186
\c@paragraph=\count187
\c@subparagraph=\count188
\c@figure=\count189
\c@table=\count190
\abovecaptionskip=\skip47
\belowcaptionskip=\skip48
\bibindent=\dimen138
) (C:\Users\Smolams\AppData\Local\Programs\MiKTeX\tex/latex/polski\polski.sty
Package: polski 2021/08/25 v1.3.6 Polish language package
) (C:\Users\Smolams\AppData\Local\Programs\MiKTeX\tex/latex/base\inputenc.sty
Package: inputenc 2021/02/14 v1.3d Input encoding file
\inpenc@prehook=\toks16
\inpenc@posthook=\toks17
) (C:\Users\Smolams\AppData\Local\Programs\MiKTeX\tex/latex/graphics\graphicx.sty
Package: graphicx 2021/09/16 v1.2d Enhanced LaTeX Graphics (DPC,SPQR)
 (C:\Users\Smolams\AppData\Local\Programs\MiKTeX\tex/latex/graphics\keyval.sty
Package: keyval 2014/10/28 v1.15 key=value parser (DPC)
\KV@toks@=\toks18
) (C:\Users\Smolams\AppData\Local\Programs\MiKTeX\tex/latex/graphics\graphics.sty
Package: graphics 2021/03/04 v1.4d Standard LaTeX Graphics (DPC,SPQR)
 (C:\Users\Smolams\AppData\Local\Programs\MiKTeX\tex/latex/graphics\trig.sty
Package: trig 2021/08/11 v1.11 sin cos tan (DPC)
) (C:\Users\Smolams\AppData\Local\Programs\MiKTeX\tex/latex/graphics-cfg\graphics.cfg
File: graphics.cfg 2016/06/04 v1.11 sample graphics configuration
)
Package graphics Info: Driver file: pdftex.def on input line 107.
 (C:\Users\Smolams\AppData\Local\Programs\MiKTeX\tex/latex/graphics-def\pdftex.def
File: pdftex.def 2020/10/05 v1.2a Graphics/color driver for pdftex
))
\Gin@req@height=\dimen139
\Gin@req@width=\dimen140
) (C:\Users\Smolams\AppData\Local\Programs\MiKTeX\tex/latex/amsmath\amsmath.sty
Package: amsmath 2021/10/15 v2.17l AMS math features
\@mathmargin=\skip49

For additional information on amsmath, use the `?' option.
(C:\Users\Smolams\AppData\Local\Programs\MiKTeX\tex/latex/amsmath\amstext.sty
Package: amstext 2021/08/26 v2.01 AMS text
 (C:\Users\Smolams\AppData\Local\Programs\MiKTeX\tex/latex/amsmath\amsgen.sty
File: amsgen.sty 1999/11/30 v2.0 generic functions
\@emptytoks=\toks19
\ex@=\dimen141
)) (C:\Users\Smolams\AppData\Local\Programs\MiKTeX\tex/latex/amsmath\amsbsy.sty
Package: amsbsy 1999/11/29 v1.2d Bold Symbols
\pmbraise@=\dimen142
) (C:\Users\Smolams\AppData\Local\Programs\MiKTeX\tex/latex/amsmath\amsopn.sty
Package: amsopn 2021/08/26 v2.02 operator names
)
\inf@bad=\count191
LaTeX Info: Redefining \frac on input line 234.
\uproot@=\count192
\leftroot@=\count193
LaTeX Info: Redefining \overline on input line 399.
\classnum@=\count194
\DOTSCASE@=\count195
LaTeX Info: Redefining \ldots on input line 496.
LaTeX Info: Redefining \dots on input line 499.
LaTeX Info: Redefining \cdots on input line 620.
\Mathstrutbox@=\box50
\strutbox@=\box51
\big@size=\dimen143
LaTeX Font Info:    Redeclaring font encoding OML on input line 743.
LaTeX Font Info:    Redeclaring font encoding OMS on input line 744.
\macc@depth=\count196
\c@MaxMatrixCols=\count197
\dotsspace@=\muskip16
\c@parentequation=\count198
\dspbrk@lvl=\count199
\tag@help=\toks20
\row@=\count266
\column@=\count267
\maxfields@=\count268
\andhelp@=\toks21
\eqnshift@=\dimen144
\alignsep@=\dimen145
\tagshift@=\dimen146
\tagwidth@=\dimen147
\totwidth@=\dimen148
\lineht@=\dimen149
\@envbody=\toks22
\multlinegap=\skip50
\multlinetaggap=\skip51
\mathdisplay@stack=\toks23
LaTeX Info: Redefining \[ on input line 2938.
LaTeX Info: Redefining \] on input line 2939.
) (C:\Users\Smolams\AppData\Local\Programs\MiKTeX\tex/latex/makecell\makecell.sty
Package: makecell 2009/08/03 V0.1e Managing of Tab Column Heads and Cells
 (C:\Users\Smolams\AppData\Local\Programs\MiKTeX\tex/latex/tools\array.sty
Package: array 2021/10/04 v2.5f Tabular extension package (FMi)
\col@sep=\dimen150
\ar@mcellbox=\box52
\extrarowheight=\dimen151
\NC@list=\toks24
\extratabsurround=\skip52
\backup@length=\skip53
\ar@cellbox=\box53
)
\rotheadsize=\dimen152
\c@nlinenum=\count269
\TeXr@lab=\toks25
) (C:\Users\Smolams\AppData\Local\Programs\MiKTeX\tex/latex/listings\listings.sty
\lst@mode=\count270
\lst@gtempboxa=\box54
\lst@token=\toks26
\lst@length=\count271
\lst@currlwidth=\dimen153
\lst@column=\count272
\lst@pos=\count273
\lst@lostspace=\dimen154
\lst@width=\dimen155
\lst@newlines=\count274
\lst@lineno=\count275
\lst@maxwidth=\dimen156
 (C:\Users\Smolams\AppData\Local\Programs\MiKTeX\tex/latex/listings\lstmisc.sty
File: lstmisc.sty 2020/03/24 1.8d (Carsten Heinz)
\c@lstnumber=\count276
\lst@skipnumbers=\count277
\lst@framebox=\box55
) (C:\Users\Smolams\AppData\Local\Programs\MiKTeX\tex/latex/listings\listings.cfg
File: listings.cfg 2020/03/24 1.8d listings configuration
))
Package: listings 2020/03/24 1.8d (Carsten Heinz)
 (C:\Users\Smolams\AppData\Local\Programs\MiKTeX\tex/latex/l3backend\l3backend-pdftex.def
File: l3backend-pdftex.def 2021-10-18 L3 backend support: PDF output (pdfTeX)
\l__color_backend_stack_int=\count278
\l__pdf_internal_box=\box56
) (Sprawozdanie.aux)
\openout1 = `Sprawozdanie.aux'.

LaTeX Font Info:    Checking defaults for OML/cmm/m/it on input line 24.
LaTeX Font Info:    ... okay on input line 24.
LaTeX Font Info:    Checking defaults for OMS/cmsy/m/n on input line 24.
LaTeX Font Info:    ... okay on input line 24.
LaTeX Font Info:    Checking defaults for OT1/cmr/m/n on input line 24.
LaTeX Font Info:    ... okay on input line 24.
LaTeX Font Info:    Checking defaults for T1/cmr/m/n on input line 24.
LaTeX Font Info:    ... okay on input line 24.
LaTeX Font Info:    Checking defaults for TS1/cmr/m/n on input line 24.
LaTeX Font Info:    ... okay on input line 24.
LaTeX Font Info:    Checking defaults for OMX/cmex/m/n on input line 24.
LaTeX Font Info:    ... okay on input line 24.
LaTeX Font Info:    Checking defaults for U/cmr/m/n on input line 24.
LaTeX Font Info:    ... okay on input line 24.
 (C:\Users\Smolams\AppData\Local\Programs\MiKTeX\tex/context/base/mkii\supp-pdf.mkii
[Loading MPS to PDF converter (version 2006.09.02).]
\scratchcounter=\count279
\scratchdimen=\dimen157
\scratchbox=\box57
\nofMPsegments=\count280
\nofMParguments=\count281
\everyMPshowfont=\toks27
\MPscratchCnt=\count282
\MPscratchDim=\dimen158
\MPnumerator=\count283
\makeMPintoPDFobject=\count284
\everyMPtoPDFconversion=\toks28
) (C:\Users\Smolams\AppData\Local\Programs\MiKTeX\tex/latex/epstopdf-pkg\epstopdf-base.sty
Package: epstopdf-base 2020-01-24 v2.11 Base part for package epstopdf
Package epstopdf-base Info: Redefining graphics rule for `.eps' on input line 485.
 (C:\Users\Smolams\AppData\Local\Programs\MiKTeX\tex/latex/00miktex\epstopdf-sys.cfg
File: epstopdf-sys.cfg 2021/03/18 v2.0 Configuration of epstopdf for MiKTeX
))
\c@lstlisting=\count285
 (Sprawozdanie.toc)
\tf@toc=\write3
\openout3 = `Sprawozdanie.toc'.

 [1

{C:/Users/Smolams/AppData/Local/MiKTeX/fonts/map/pdftex/pdftex.map}] [2]
Overfull \hbox (245.6541pt too wide) in paragraph at lines 102--103
[][][][][][][][][][][][][][][][][][][][][][][][][][][][][] 
 []


Overfull \hbox (141.12946pt too wide) in paragraph at lines 103--104
[][][][][][][][][][][][][][][][][][][][][][][][][][][][][][][] 
 []


Overfull \hbox (193.39177pt too wide) in paragraph at lines 104--105
[][][][][][][][][][][][][][][][][][][][][][][][][][][][][][][] 
 []


Overfull \hbox (193.39178pt too wide) in paragraph at lines 105--106
[][][][][][][][][][][][][][][][][][][][][][][][][][][][][][][][][] 
 []


Overfull \hbox (141.12943pt too wide) in paragraph at lines 106--107
[][][][][][][][][][][][][][][][][][][][][][][][][] 
 []


Overfull \hbox (141.12941pt too wide) in paragraph at lines 107--108
[][][][][][][][][][][][][][][][][][][][][][][] 
 []


Overfull \hbox (141.12941pt too wide) in paragraph at lines 108--109
[][][][][][][][][][][][][][][][][][][][][][][] 
 []


Overfull \hbox (141.12941pt too wide) in paragraph at lines 109--110
[][][][][][][][][][][][][][][][][][][][][] 
 []


Overfull \hbox (134.59665pt too wide) in paragraph at lines 113--114
[][][][][][][][][][][][][][][][][][][][][][][][][] 
 []


Overfull \hbox (128.06387pt too wide) in paragraph at lines 114--115
[][][][][][][][][][][][][][][][][][][][][][][] 
 []


Overfull \hbox (173.79341pt too wide) in paragraph at lines 115--116
[][][][][][][][][][][][][][][][][][][][][][][][][] 
 []


Overfull \hbox (173.7934pt too wide) in paragraph at lines 116--117
[][][][][][][][][][][][][][][][][][][][][][][][][] 
 []


Overfull \hbox (180.32619pt too wide) in paragraph at lines 117--118
[][][][][][][][][][][][][][][][][][][][][] 
 []


Overfull \hbox (128.06387pt too wide) in paragraph at lines 118--119
[][][][][][][][][][][][][][][][][][][][][][][] 
 []


Overfull \hbox (173.79341pt too wide) in paragraph at lines 119--120
[][][][][][][][][][][][][][][][][][][][][][][][][] 
 []


Overfull \hbox (173.7934pt too wide) in paragraph at lines 120--121
[][][][][][][][][][][][][][][][][][][][][][][] 
 []


Overfull \hbox (180.32619pt too wide) in paragraph at lines 121--122
[][][][][][][][][][][][][][][][][][][][][][][] 
 []


Overfull \hbox (180.32619pt too wide) in paragraph at lines 122--123
[][][][][][][][][][][][][][][][][][][][][] 
 []


Overfull \hbox (173.7934pt too wide) in paragraph at lines 123--124
[][][][][][][][][][][][][][][][][][][][][][][][][] 
 []


Overfull \hbox (128.06386pt too wide) in paragraph at lines 124--125
[][][][][][][][][][][][][][][][][][][][][][][] 
 []


Overfull \hbox (180.32617pt too wide) in paragraph at lines 125--126
[][][][][][][][][][][][][][][][][][][][][][][] 
 []


Overfull \hbox (128.06386pt too wide) in paragraph at lines 126--127
[][][][][][][][][][][][][][][][][][][][][][][] 
 []


Overfull \hbox (173.7934pt too wide) in paragraph at lines 127--128
[][][][][][][][][][][][][][][][][][][][][][][][][] 
 []


Overfull \hbox (173.79338pt too wide) in paragraph at lines 128--129
[][][][][][][][][][][][][][][][][][][][][][][] 
 []

<fig1.png, id=14, 837.1275pt x 535.2497pt>
File: fig1.png Graphic file (type png)
<use fig1.png>
Package pdftex.def Info: fig1.png  used on input line 132.
(pdftex.def)             Requested size: 483.69684pt x 309.26895pt.
[3]
<fig2.png, id=19, 841.64438pt x 538.26094pt>
File: fig2.png Graphic file (type png)
<use fig2.png>
Package pdftex.def Info: fig2.png  used on input line 135.
(pdftex.def)             Requested size: 483.69684pt x 309.34158pt.
<fig3.png, id=20, 841.64438pt x 538.26094pt>
File: fig3.png Graphic file (type png)
<use fig3.png>
Package pdftex.def Info: fig3.png  used on input line 138.
(pdftex.def)             Requested size: 483.69684pt x 309.34158pt.
 [4 <./fig1.png> <./fig2.png>] [5 <./fig3.png>] (Sprawozdanie.aux) ) 
Here is how much of TeX's memory you used:
 3958 strings out of 478659
 58420 string characters out of 2844973
 420553 words of memory out of 3000000
 22043 multiletter control sequences out of 15000+600000
 413724 words of font info for 51 fonts, out of 8000000 for 9000
 1141 hyphenation exceptions out of 8191
 55i,13n,62p,262b,975s stack positions out of 5000i,500n,10000p,200000b,80000s
 <C:\Users\Smolams\AppData\Local\MiKTeX\fonts/pk/ljfour/jknappen/ec/dpi600\tcrm1095.pk> <C:\Users\Smolams\AppData\Local\MiKTeX\fonts/pk/ljfour/jknappen/ec/dpi600\ecbx1200.pk> <C:\Users\Smolams\AppData\Local\MiKTeX\fonts/pk/ljfour/jknappen/ec/dpi600\ecrm1095.pk> <C:\Users\Smolams\AppData\Local\MiKTeX\fonts/pk/ljfour/jknappen/ec/dpi600\ecbx1095.pk> <C:\Users\Smolams\AppData\Local\MiKTeX\fonts/pk/ljfour/jknappen/ec/dpi600\ecbx1440.pk> <C:\Users\Smolams\AppData\Local\MiKTeX\fonts/pk/ljfour/jknappen/ec/dpi600\ecrm1200.pk> <C:\Users\Smolams\AppData\Local\MiKTeX\fonts/pk/ljfour/jknappen/ec/dpi600\ecrm1728.pk>
Output written on Sprawozdanie.pdf (5 pages, 175930 bytes).
PDF statistics:
 281 PDF objects out of 1000 (max. 8388607)
 0 named destinations out of 1000 (max. 500000)
 16 words of extra memory for PDF output out of 10000 (max. 10000000)

